<?xml version="1.0" encoding="UTF-8"?>
<testng-results ignored="0" total="1" passed="1" failed="0" skipped="0">
  <reporter-output>
  </reporter-output>
  <suite started-at="2024-04-01T19:53:35 IST" name="Surefire suite" finished-at="2024-04-01T19:53:35 IST" duration-ms="59">
    <groups>
    </groups>
    <test started-at="2024-04-01T19:53:35 IST" name="Surefire test" finished-at="2024-04-01T19:53:35 IST" duration-ms="59">
      <class name="asmt4.asmt4.AppTest">
        <test-method signature="testApp()[pri:0, instance:testApp(asmt4.asmt4.AppTest)]" started-at="2024-04-01T19:53:35 IST" name="testApp" finished-at="2024-04-01T19:53:35 IST" duration-ms="6" status="PASS">
          <reporter-output>
          </reporter-output>
        </test-method> <!-- testApp -->
      </class> <!-- asmt4.asmt4.AppTest -->
    </test> <!-- Surefire test -->
  </suite> <!-- Surefire suite -->
</testng-results>
